Arguments: 
  C:\Program Files\nodejs\node.exe D:\Program Files (x86)\Yarn\bin\yarn.js install

PATH: 
  C:\Users\Administrator\bin;D:\Program Files\Git\mingw64\bin;D:\Program Files\Git\usr\local\bin;D:\Program Files\Git\usr\bin;D:\Program Files\Git\usr\bin;D:\Program Files\Git\mingw64\bin;D:\Program Files\Git\usr\bin;C:\Users\Administrator\bin;D:\Activiti-5.22\apache-maven-3.3.9\bin;C:\ProgramData\Oracle\Java\javapath;C:\WINDOWS\system32;C:\WINDOWS;C:\WINDOWS\System32\Wbem;C:\WINDOWS\System32\WindowsPowerShell\v1.0;D:\Program Files\Microsoft SQL Server\110\DTS\Binn;D:\Program Files (x86)\Microsoft SQL Server\110\Tools\Binn;D:\Program Files\Microsoft SQL Server\110\Tools\Binn;D:\Program Files (x86)\Microsoft SQL Server\110\Tools\Binn\ManagementStudio;C:\Program Files (x86)\Microsoft Visual Studio 10.0\Common7\IDE\PrivateAssemblies;D:\Program Files (x86)\Microsoft SQL Server\110\DTS\Binn;C:\WINDOWS\system32\config\systemprofile\.dnx\bin;C:\Program Files\Microsoft DNX\Dnvm;D:\Program Files\Microsoft SQL Server\120\Tools\Binn;D:\Program Files\Microsoft SQL Server\130\Tools\Binn;D:\Program Files (x86)\Microsoft SQL Server\120\Tools\Binn\ManagementStudio;D:\Program Files (x86)\Microsoft SQL Server\120\Tools\Binn;C:\Program Files (x86)\Microsoft Visual Studio 12.0\Common7\IDE\PrivateAssemblies;D:\Program Files (x86)\Microsoft SQL Server\120\DTS\Binn;D:\Program Files\TortoiseSVN\bin;C:\Program Files (x86)\Java\jdk1.8.0_66\bin;C:\Program Files (x86)\Windows Kits\8.1\Windows Performance Toolkit;D:\Program Files\TortoiseGit\bin;C:\Program Files (x86)\ATI Technologies\ATI.ACE\Core-Static;D:\Program Files\Git\cmd;D:\Program Files (x86)\Yarn\bin;C:\Program Files\nodejs;C:\Users\Administrator\AppData\Local\Microsoft\WindowsApps;D:\Program Files\Microsoft VS Code\bin;C:\Users\Administrator\AppData\Local\GitHubDesktop\bin;C:\Users\Administrator\AppData\Local\Microsoft\WindowsApps;C:\Users\Administrator\AppData\Local\Yarn\bin;C:\Users\Administrator\AppData\Roaming\npm;D:\Program Files\Git\usr\bin\vendor_perl;D:\Program Files\Git\usr\bin\core_perl

Yarn version: 
  1.5.1

Node version: 
  8.11.1

Platform: 
  win32 x64

npm manifest: 
  {
    "name": "my-project",
    "version": "0.0.0",
    "author": "xiaojianpeng <xiao8901@foxmail.com>",
    "description": "An electron-vue project",
    "license": null,
    "main": "./dist/electron/main.js",
    "scripts": {
      "build": "node .electron-vue/build.js && electron-builder",
      "build:dir": "node .electron-vue/build.js && electron-builder --dir",
      "build:clean": "cross-env BUILD_TARGET=clean node .electron-vue/build.js",
      "build:web": "cross-env BUILD_TARGET=web node .electron-vue/build.js",
      "dev": "node .electron-vue/dev-runner.js",
      "e2e": "npm run pack && mocha test/e2e",
      "lint": "eslint --ext .js,.vue -f ./node_modules/eslint-friendly-formatter src test",
      "lint:fix": "eslint --ext .js,.vue -f ./node_modules/eslint-friendly-formatter --fix src test",
      "pack": "npm run pack:main && npm run pack:renderer",
      "pack:main": "cross-env NODE_ENV=production webpack --progress --colors --config .electron-vue/webpack.main.config.js",
      "pack:renderer": "cross-env NODE_ENV=production webpack --progress --colors --config .electron-vue/webpack.renderer.config.js",
      "test": "npm run unit && npm run e2e",
      "unit": "karma start test/unit/karma.conf.js",
      "postinstall": "npm run lint:fix"
    },
    "build": {
      "productName": "my-project",
      "appId": "org.simulatedgreg.electron-vue",
      "directories": {
        "output": "build"
      },
      "files": [
        "dist/electron/**/*"
      ],
      "dmg": {
        "contents": [
          {
            "x": 410,
            "y": 150,
            "type": "link",
            "path": "/Applications"
          },
          {
            "x": 130,
            "y": 150,
            "type": "file"
          }
        ]
      },
      "mac": {
        "icon": "build/icons/icon.icns"
      },
      "win": {
        "icon": "build/icons/icon.ico"
      },
      "linux": {
        "icon": "build/icons"
      }
    },
    "dependencies": {
      "vue": "^2.3.3",
      "axios": "^0.16.1",
      "vue-electron": "^1.0.6",
      "vue-router": "^2.5.3",
      "vuex": "^2.3.1"
    },
    "devDependencies": {
      "babel-core": "^6.25.0",
      "babel-loader": "^7.1.1",
      "babel-plugin-transform-runtime": "^6.23.0",
      "babel-preset-env": "^1.6.0",
      "babel-preset-stage-0": "^6.24.1",
      "babel-register": "^6.24.1",
      "babili-webpack-plugin": "^0.1.2",
      "cfonts": "^1.1.3",
      "chalk": "^2.1.0",
      "copy-webpack-plugin": "^4.0.1",
      "cross-env": "^5.0.5",
      "css-loader": "^0.28.4",
      "del": "^3.0.0",
      "devtron": "^1.4.0",
      "electron": "^1.7.5",
      "electron-debug": "^1.4.0",
      "electron-devtools-installer": "^2.2.0",
      "electron-builder": "^19.19.1",
      "babel-eslint": "^7.2.3",
      "eslint": "^4.4.1",
      "eslint-friendly-formatter": "^3.0.0",
      "eslint-loader": "^1.9.0",
      "eslint-plugin-html": "^3.1.1",
      "eslint-config-standard": "^10.2.1",
      "eslint-plugin-import": "^2.7.0",
      "eslint-plugin-node": "^5.1.1",
      "eslint-plugin-promise": "^3.5.0",
      "eslint-plugin-standard": "^3.0.1",
      "extract-text-webpack-plugin": "^3.0.0",
      "file-loader": "^0.11.2",
      "html-webpack-plugin": "^2.30.1",
      "inject-loader": "^3.0.0",
      "karma": "^1.3.0",
      "karma-chai": "^0.1.0",
      "karma-coverage": "^1.1.1",
      "karma-electron": "^5.1.1",
      "karma-mocha": "^1.2.0",
      "karma-sourcemap-loader": "^0.3.7",
      "karma-spec-reporter": "^0.0.31",
      "karma-webpack": "^2.0.1",
      "webpack-merge": "^4.1.0",
      "require-dir": "^0.3.0",
      "spectron": "^3.7.1",
      "babel-plugin-istanbul": "^4.1.1",
      "chai": "^4.0.0",
      "mocha": "^3.0.2",
      "multispinner": "^0.2.1",
      "node-loader": "^0.6.0",
      "style-loader": "^0.18.2",
      "url-loader": "^0.5.9",
      "vue-html-loader": "^1.2.4",
      "vue-loader": "^13.0.5",
      "vue-style-loader": "^3.0.1",
      "vue-template-compiler": "^2.4.2",
      "webpack": "^3.5.2",
      "webpack-dev-server": "^2.7.1",
      "webpack-hot-middleware": "^2.18.2"
    }
  }

yarn manifest: 
  No manifest

Lockfile: 
  No lockfile

Trace: 
  Error: %27https://registry.npm.taobao.org%27/vue: Invalid URI "%27https://registry.npm.taobao.org%27/vue"
      at Request.module.exports.Request.init (D:\Program Files (x86)\Yarn\lib\cli.js:132518:31)
      at new Request (D:\Program Files (x86)\Yarn\lib\cli.js:132372:8)
      at request (D:\Program Files (x86)\Yarn\lib\cli.js:129371:10)
      at RequestManager.execute (D:\Program Files (x86)\Yarn\lib\cli.js:65071:15)
      at RequestManager.shiftQueue (D:\Program Files (x86)\Yarn\lib\cli.js:65098:10)
      at D:\Program Files (x86)\Yarn\lib\cli.js:64849:13
      at new Promise (<anonymous>)
      at new F (D:\Program Files (x86)\Yarn\lib\cli.js:23451:28)
      at RequestManager.request (D:\Program Files (x86)\Yarn\lib\cli.js:64847:19)
      at NpmRegistry.request (D:\Program Files (x86)\Yarn\lib\cli.js:31136:32)
